Using pre-set license
Built from '2020.3/staging' branch; Version is '2020.3.11f1 (99c7afb366b3) revision 10078127'; Using compiler version '192528614'; Build Type 'Release'
OS: 'Windows 10 Pro; OS build 19041.985; Version 2004; 64bit' Language: 'en' Physical Memory: 16346 MB
BatchMode: 1, IsHumanControllingUs: 0, StartBugReporterOnCrash: 0, Is64bit: 1, IsPro: 0

 COMMAND LINE ARGUMENTS:
C:\Program Files\Unity\Hub\Editor\2020.3.11f1\Editor\Unity.exe
-adb2
-batchMode
-noUpm
-name
AssetImportWorker0
-projectPath
C:/Work/GameDev/GitHubRepo/GMTKgj21/GMTKgj21
-logFile
Logs/AssetImportWorker0.log
-srvPort
59512
Successfully changed project path to: C:/Work/GameDev/GitHubRepo/GMTKgj21/GMTKgj21
C:/Work/GameDev/GitHubRepo/GMTKgj21/GMTKgj21
Using Asset Import Pipeline V2.
Refreshing native plugins compatible for Editor in 44.49 ms, found 2 plugins.
Preloading 0 native plugins for Editor in 0.00 ms.
Initialize engine version: 2020.3.11f1 (99c7afb366b3)
[Subsystems] Discovering subsystems at path C:/Program Files/Unity/Hub/Editor/2020.3.11f1/Editor/Data/Resources/UnitySubsystems
[Subsystems] Discovering subsystems at path C:/Work/GameDev/GitHubRepo/GMTKgj21/GMTKgj21/Assets
GfxDevice: creating device client; threaded=0
Direct3D:
    Version:  Direct3D 11.0 [level 11.1]
    Renderer: NVIDIA GeForce GTX 1060 3GB (ID=0x1c02)
    Vendor:   
    VRAM:     2988 MB
    Driver:   27.21.14.5671
Initialize mono
Mono path[0] = 'C:/Program Files/Unity/Hub/Editor/2020.3.11f1/Editor/Data/Managed'
Mono path[1] = 'C:/Program Files/Unity/Hub/Editor/2020.3.11f1/Editor/Data/MonoBleedingEdge/lib/mono/unityjit'
Mono config path = 'C:/Program Files/Unity/Hub/Editor/2020.3.11f1/Editor/Data/MonoBleedingEdge/etc'
Using monoOptions --debugger-agent=transport=dt_socket,embedding=1,server=y,suspend=n,address=127.0.0.1:56076
Begin MonoManager ReloadAssembly
Registering precompiled unity dll's ...
Register platform support module: C:/Program Files/Unity/Hub/Editor/2020.3.11f1/Editor/Data/PlaybackEngines/WebGLSupport/UnityEditor.WebGL.Extensions.dll
Register platform support module: C:/Program Files/Unity/Hub/Editor/2020.3.11f1/Editor/Data/PlaybackEngines/WindowsStandaloneSupport/UnityEditor.WindowsStandalone.Extensions.dll
Registered in 0.017924 seconds.
Native extension for WindowsStandalone target not found
Native extension for WebGL target not found
Refreshing native plugins compatible for Editor in 27.89 ms, found 2 plugins.
Preloading 0 native plugins for Editor in 0.00 ms.
Mono: successfully reloaded assembly
- Completed reload, in  7.918 seconds
Platform modules already initialized, skipping
Registering precompiled user dll's ...
Registered in 0.025560 seconds.
Begin MonoManager ReloadAssembly
Native extension for WindowsStandalone target not found
Native extension for WebGL target not found
Refreshing native plugins compatible for Editor in 0.27 ms, found 2 plugins.
Preloading 0 native plugins for Editor in 0.00 ms.
Mono: successfully reloaded assembly
- Completed reload, in  1.479 seconds
Platform modules already initialized, skipping
========================================================================
Worker process is ready to serve import requests
Launched and connected shader compiler UnityShaderCompiler.exe after 0.13 seconds
Refreshing native plugins compatible for Editor in 0.26 ms, found 2 plugins.
Preloading 0 native plugins for Editor in 0.00 ms.
Unloading 1386 Unused Serialized files (Serialized files now loaded: 0)
System memory in use before: 64.6 MB.
System memory in use after: 64.7 MB.

Unloading 19 unused Assets to reduce memory usage. Loaded Objects now: 1819.
Total: 1.688900 ms (FindLiveObjects: 0.126000 ms CreateObjectMapping: 0.038500 ms MarkObjects: 1.448100 ms  DeleteObjects: 0.075300 ms)

========================================================================
Received Import Request.
  path: Assets
  artifactKey: Guid(00000000000000001000000000000000) Importer(815301076,1909f56bfc062723c751e8b465ee728b)
Start importing Assets using Guid(00000000000000001000000000000000) Importer(815301076,1909f56bfc062723c751e8b465ee728b)  -> (artifact id: '42d402b061de3733987d63b9cc3b64de') in 0.009477 seconds
  Import took 0.011516 seconds .

========================================================================
Received Prepare
Refreshing native plugins compatible for Editor in 15.04 ms, found 2 plugins.
Preloading 0 native plugins for Editor in 0.00 ms.
Unloading 12 Unused Serialized files (Serialized files now loaded: 0)
System memory in use before: 37.3 MB.
System memory in use after: 37.4 MB.

Unloading 12 unused Assets to reduce memory usage. Loaded Objects now: 1819.
Total: 1.677800 ms (FindLiveObjects: 0.134800 ms CreateObjectMapping: 0.037600 ms MarkObjects: 1.451400 ms  DeleteObjects: 0.053000 ms)

========================================================================
Received Import Request.
  Time since last request: 145.919346 seconds.
  path: Assets/Scripts
  artifactKey: Guid(007353e5e86c1ed439d04d8600737df6) Importer(815301076,1909f56bfc062723c751e8b465ee728b)
Start importing Assets/Scripts using Guid(007353e5e86c1ed439d04d8600737df6) Importer(815301076,1909f56bfc062723c751e8b465ee728b)  -> (artifact id: '10d37804bc382d59a91fe178f3ee0733') in 0.014315 seconds
  Import took 0.017112 seconds .

========================================================================
Received Import Request.
  Time since last request: 26.870788 seconds.
  path: Assets/Prefabs
  artifactKey: Guid(3491a79a9fc287048bb7d3e765f4f26b) Importer(815301076,1909f56bfc062723c751e8b465ee728b)
Start importing Assets/Prefabs using Guid(3491a79a9fc287048bb7d3e765f4f26b) Importer(815301076,1909f56bfc062723c751e8b465ee728b)  -> (artifact id: '1c2bd510033d614963102035cb670423') in 0.011664 seconds
  Import took 0.014797 seconds .

AssetImportWorkerClient::OnTransportError - code=2 error=End of file
